[2015-10-06 14:39:30] START
[2015-10-06 14:39:45] EDIT ArbreNoel/models/menu.py: 0
[2015-10-06 14:40:54] EDIT ArbreNoel/models/menu.py: 0
[2015-10-06 14:41:51] EDIT ArbreNoel/models/menu.py: 1
[2015-10-06 14:42:06] CREATE manager.py: 0
[2015-10-06 14:42:17] EDIT ArbreNoel/controllers/manager.py: 1
[2015-10-06 14:42:51] EDIT ArbreNoel/views/default/index.html: -15
[2015-10-06 14:43:22] EDIT ArbreNoel/views/default/index.html: 0
[2015-10-06 14:43:48] EDIT ArbreNoel/views/default/index.html: -1
[2015-10-06 14:44:35] EDIT ArbreNoel/models/menu.py: 0
[2015-10-06 14:45:24] CREATE db_catalogue.py: 0
[2015-10-06 14:47:08] EDIT ArbreNoel/models/db_catalogue.py: 3
[2015-10-06 14:47:28] EDIT ArbreNoel/models/db_catalogue.py: 0
[2015-10-06 14:50:28] EDIT ArbreNoel/controllers/manager.py: 6
[2015-10-06 14:50:44] EDIT ArbreNoel/controllers/manager.py: 1
[2015-10-06 14:50:47] EDIT ArbreNoel/controllers/manager.py: 0
[2015-10-06 14:51:18] CREATE manager/ajouterCategorie.html: 0
[2015-10-06 14:51:54] EDIT ArbreNoel/views/manager/ajouterCategorie.html: 1
[2015-10-06 14:52:24] EDIT ArbreNoel/controllers/manager.py: 0
[2015-10-06 15:13:24] EDIT ArbreNoel/controllers/manager.py: -7
[2015-10-06 15:13:33] DELETE ArbreNoel/views/manager/ajouterCategorie.html: -4
[2015-10-06 15:14:20] EDIT ArbreNoel/models/menu.py: 0
[2015-10-06 15:14:33] DELETE ArbreNoel/models/db_catalogue.py: -3
[2015-10-06 15:14:54] CREATE db_rdv_nature.py: 0
[2015-10-06 15:24:36] EDIT ArbreNoel/models/db_rdv_nature.py: 9
[2015-10-06 15:24:40] EDIT ArbreNoel/models/db_rdv_nature.py: 0
[2015-10-06 15:26:03] EDIT ArbreNoel/models/db_rdv_nature.py: 0
[2015-10-06 15:27:05] EDIT ArbreNoel/controllers/manager.py: 7
[2015-10-06 15:27:57] CREATE manage/charger_jardin.html: 0
[2015-10-06 15:28:38] EDIT ArbreNoel/views/manage/charger_jardin.html: 0
[2015-10-06 15:29:40] EDIT ArbreNoel/models/db_rdv_nature.py: 0
[2015-10-06 15:30:11] EDIT ArbreNoel/views/manage/charger_jardin.html: 0
[2015-10-06 15:34:25] EDIT ArbreNoel/models/menu.py: 2
[2015-10-06 15:35:21] EDIT ArbreNoel/models/menu.py: 0
[2015-10-06 15:35:24] EDIT ArbreNoel/models/menu.py: 0
[2015-10-06 15:39:27] EDIT ArbreNoel/controllers/default.py: 2
[2015-10-06 15:39:36] EDIT ArbreNoel/controllers/default.py: -2
[2015-10-06 15:39:55] EDIT ArbreNoel/controllers/default.py: 0
[2015-10-06 15:40:24] EDIT ArbreNoel/controllers/default.py: 0
[2015-10-06 15:40:48] EDIT ArbreNoel/controllers/default.py: 0
[2015-10-06 15:43:19] EDIT ArbreNoel/controllers/default.py: 3
[2015-10-06 15:43:36] EDIT ArbreNoel/controllers/default.py: 1
[2015-10-06 15:43:45] EDIT ArbreNoel/controllers/default.py: 0
[2015-10-06 15:43:47] EDIT ArbreNoel/controllers/default.py: 0
[2015-10-06 15:44:02] EDIT ArbreNoel/views/default/index.html: 0
[2015-10-06 15:44:08] EDIT ArbreNoel/views/default/index.html: 0
[2015-10-06 15:44:30] EDIT ArbreNoel/controllers/default.py: 0
[2015-10-06 15:45:47] EDIT ArbreNoel/views/default/index.html: 2
[2015-10-06 15:45:58] EDIT ArbreNoel/views/default/index.html: 0
[2015-10-06 15:46:18] EDIT ArbreNoel/views/default/index.html: 0
[2015-10-06 15:46:37] EDIT ArbreNoel/views/default/index.html: 2
[2015-10-06 15:46:48] EDIT ArbreNoel/views/default/index.html: 0
[2015-10-06 15:48:00] EDIT ArbreNoel/views/default/index.html: 0
[2015-10-06 15:48:37] EDIT ArbreNoel/views/default/index.html: -3
[2015-10-06 15:49:05] EDIT ArbreNoel/views/default/index.html: 1
[2015-10-06 15:49:44] EDIT ArbreNoel/controllers/default.py: 0
[2015-10-06 15:50:19] EDIT ArbreNoel/controllers/default.py: 0
[2015-10-06 17:07:23] EDIT ArbreNoel/views/default/index.html: 1
[2015-10-06 17:07:46] EDIT ArbreNoel/controllers/default.py: 2
[2015-10-06 17:08:13] EDIT ArbreNoel/views/default/index.html: 0
[2015-10-06 17:08:35] EDIT ArbreNoel/views/default/index.html: 0
[2015-10-06 17:10:55] EDIT ArbreNoel/controllers/default.py: 1
[2015-10-06 17:11:28] CREATE default/listeJardins.html: 0
[2015-10-06 17:12:15] EDIT ArbreNoel/views/default/listeJardins.html: 0
[2015-10-06 17:12:23] EDIT ArbreNoel/views/default/listeJardins.html: 1
[2015-10-06 17:12:26] EDIT ArbreNoel/views/default/listeJardins.html: -1
[2015-10-06 17:15:11] EDIT ArbreNoel/views/default/listeJardins.html: 7
[2015-10-06 17:16:09] EDIT ArbreNoel/controllers/default.py: 0
[2015-10-06 17:16:50] EDIT ArbreNoel/controllers/default.py: 0
[2015-10-06 17:17:23] EDIT ArbreNoel/controllers/default.py: 0
[2015-10-06 17:17:44] EDIT ArbreNoel/controllers/default.py: 0
[2015-10-06 17:18:44] EDIT ArbreNoel/controllers/default.py: 0
[2015-10-06 17:23:57] EDIT ArbreNoel/views/default/listeJardins.html: 0
[2015-10-06 17:24:02] EDIT ArbreNoel/views/default/listeJardins.html: 0
[2015-10-06 17:24:40] EDIT ArbreNoel/controllers/default.py: 2
[2015-10-06 17:24:46] EDIT ArbreNoel/controllers/default.py: 1
[2015-10-06 17:25:29] EDIT ArbreNoel/controllers/default.py: 1
[2015-10-06 17:25:46] EDIT ArbreNoel/controllers/default.py: 0
[2015-10-06 17:26:20] EDIT ArbreNoel/views/default/listeJardins.html: 0
[2015-10-06 17:27:00] EDIT ArbreNoel/controllers/default.py: 0
[2015-10-06 17:27:14] EDIT ArbreNoel/controllers/default.py: 0
[2015-10-06 17:34:10] UPLOAD /home/malou/SAUV_CLEO/MALOU/PROF/PRATIQUE/CODE_APPLICATIF/FRAMEWORK/WEB2PY/web2py/applications/ArbreNoel/static/jardin.jpg: 695
[2015-10-06 17:38:15] EDIT ArbreNoel/views/default/listeJardins.html: 2
[2015-10-06 17:38:29] EDIT ArbreNoel/views/default/listeJardins.html: 0
[2015-10-06 17:38:59] EDIT ArbreNoel/views/default/listeJardins.html: 0
[2015-10-06 17:40:15] EDIT ArbreNoel/views/default/listeJardins.html: 0
[2015-10-06 17:42:13] UPLOAD /home/malou/SAUV_CLEO/MALOU/PROF/PRATIQUE/CODE_APPLICATIF/FRAMEWORK/WEB2PY/web2py/applications/ArbreNoel/static/jardinPlantes: 587
[2015-10-06 17:42:20] DELETE ArbreNoel/static/jardinPlantes: -587
[2015-10-06 17:42:32] UPLOAD /home/malou/SAUV_CLEO/MALOU/PROF/PRATIQUE/CODE_APPLICATIF/FRAMEWORK/WEB2PY/web2py/applications/ArbreNoel/static/jardinPlantes.jpg: 587
[2015-10-06 18:52:56] EDIT ArbreNoel/models/menu.py: 0
[2015-10-06 18:56:36] CREATE default/infosJardin.html: 0
[2015-10-06 18:57:30] EDIT ArbreNoel/views/default/infosJardin.html: 0
[2015-10-06 18:59:17] EDIT ArbreNoel/views/default/infosJardin.html: 5
[2015-10-06 19:00:55] EDIT ArbreNoel/views/default/infosJardin.html: 5
[2015-10-06 19:01:00] EDIT ArbreNoel/views/default/infosJardin.html: 0
[2015-10-06 19:01:28] EDIT ArbreNoel/views/default/infosJardin.html: 0
[2015-10-06 19:02:28] EDIT ArbreNoel/views/default/infosJardin.html: 1
[2015-10-06 19:02:40] EDIT ArbreNoel/views/default/infosJardin.html: 1
[2015-10-08 15:02:41] EDIT ArbreNoel/models/menu.py: 0
[2015-10-08 15:07:33] EDIT ArbreNoel/views/default/infosJardin.html: 0
[2015-10-08 15:07:36] EDIT ArbreNoel/views/default/infosJardin.html: 0
[2015-10-08 15:07:57] EDIT ArbreNoel/views/default/infosJardin.html: 0
[2015-10-08 15:08:15] EDIT ArbreNoel/views/default/infosJardin.html: 0
[2015-10-08 15:08:40] EDIT ArbreNoel/views/default/infosJardin.html: 1
[2015-10-08 15:09:27] UPLOAD /home/malou/SAUV_CLEO/MALOU/PROF/PRATIQUE/CODE_APPLICATIF/FRAMEWORK/WEB2PY/web2py/applications/ArbreNoel/static/proce.JPG: 1368
[2015-10-08 15:09:41] EDIT ArbreNoel/views/default/infosJardin.html: 1
[2015-10-08 15:09:45] EDIT ArbreNoel/views/default/infosJardin.html: 0
[2015-10-08 15:10:20] EDIT ArbreNoel/views/default/infosJardin.html: 0
[2015-10-08 15:10:59] EDIT ArbreNoel/views/default/infosJardin.html: 0
[2015-10-08 15:12:26] EDIT ArbreNoel/views/default/infosJardin.html: 0
[2015-10-08 15:12:42] EDIT ArbreNoel/views/default/infosJardin.html: 0
[2015-10-08 15:12:58] EDIT ArbreNoel/views/default/infosJardin.html: 0
[2015-10-08 15:13:35] EDIT ArbreNoel/views/default/infosJardin.html: 0
[2015-10-08 15:13:48] EDIT ArbreNoel/views/default/infosJardin.html: 0
[2015-10-08 15:14:52] EDIT ArbreNoel/models/menu.py: 1
[2015-10-08 15:15:40] EDIT ArbreNoel/controllers/default.py: 2
[2015-10-08 15:20:06] EDIT ArbreNoel/models/db_rdv_nature.py: 5
[2015-10-08 15:22:26] EDIT ArbreNoel/controllers/default.py: 7
[2015-10-08 15:22:50] CREATE default/nouveauRDV.html: 0
[2015-10-08 15:23:07] EDIT ArbreNoel/models/db_rdv_nature.py: 0
[2015-10-08 15:23:23] EDIT ArbreNoel/models/db_rdv_nature.py: 0
[2015-10-08 15:24:02] EDIT ArbreNoel/models/db_rdv_nature.py: 0
[2015-10-08 15:24:45] EDIT ArbreNoel/controllers/default.py: 0
[2015-10-08 15:24:47] EDIT ArbreNoel/controllers/default.py: 0
[2015-10-08 15:25:40] EDIT ArbreNoel/views/default/nouveauRDV.html: 0
[2015-10-08 15:26:02] EDIT ArbreNoel/models/db_rdv_nature.py: 0
[2015-10-08 15:26:33] EDIT ArbreNoel/models/db_rdv_nature.py: 0
[2015-10-08 15:27:11] EDIT ArbreNoel/models/db_rdv_nature.py: 0
[2015-10-08 15:27:18] EDIT ArbreNoel/models/db_rdv_nature.py: 0
[2015-10-08 15:27:58] EDIT ArbreNoel/views/default/nouveauRDV.html: 0
[2015-10-08 15:29:02] EDIT ArbreNoel/controllers/default.py: 1
[2015-10-08 15:29:29] CREATE default/listeRDV.html: 0
[2015-10-08 15:29:40] EDIT ArbreNoel/controllers/default.py: 0
[2015-10-08 15:36:47] EDIT ArbreNoel/views/default/listeRDV.html: 4
[2015-10-08 15:37:14] EDIT ArbreNoel/models/menu.py: 0
[2015-10-08 15:37:40] EDIT ArbreNoel/views/default/listeRDV.html: 0
[2015-10-08 15:38:49] EDIT ArbreNoel/controllers/default.py: 0
[2015-10-08 15:41:00] EDIT ArbreNoel/controllers/default.py: 0
[2015-10-08 15:41:51] EDIT ArbreNoel/views/default/listeRDV.html: 0
[2015-10-08 15:42:24] EDIT ArbreNoel/views/default/listeRDV.html: 0
[2015-10-08 15:44:15] EDIT ArbreNoel/models/db_rdv_nature.py: 0
[2015-10-08 15:45:00] EDIT ArbreNoel/views/web2py_ajax.html: 0
[2015-10-08 21:17:08] CREATE default/listeRDVJardin.html: 0
[2015-10-08 21:23:28] EDIT ArbreNoel/views/default/infosJardin.html: 1
[2015-10-08 21:24:00] EDIT ArbreNoel/views/default/infosJardin.html: 0
[2015-10-08 21:24:23] EDIT ArbreNoel/controllers/default.py: 4
[2015-10-08 21:24:46] EDIT ArbreNoel/controllers/default.py: 0
[2015-10-08 21:24:50] EDIT ArbreNoel/controllers/default.py: 0
[2015-10-08 21:25:49] EDIT ArbreNoel/models/db_rdv_nature.py: 0
[2015-10-08 21:26:05] EDIT ArbreNoel/views/default/listeRDV.html: 0
[2015-10-08 21:28:05] EDIT ArbreNoel/controllers/default.py: 0
[2015-10-08 21:28:25] EDIT ArbreNoel/controllers/default.py: 0
[2015-10-08 21:28:30] EDIT ArbreNoel/controllers/default.py: -3
[2015-10-08 21:30:26] EDIT ArbreNoel/views/default/infosJardin.html: 6
[2015-10-08 21:30:43] DELETE ArbreNoel/views/default/listeRDVJardin.html: -3
[2015-10-08 21:31:18] EDIT ArbreNoel/views/default/infosJardin.html: 1
[2015-10-08 21:31:35] EDIT ArbreNoel/views/default/infosJardin.html: 0
[2015-10-08 21:32:27] EDIT ArbreNoel/views/default/infosJardin.html: 0
[2015-10-08 21:36:18] EDIT ArbreNoel/models/menu.py: 1
[2015-10-08 21:36:33] EDIT ArbreNoel/controllers/default.py: -7
[2015-10-08 21:36:43] EDIT ArbreNoel/controllers/manager.py: 7
[2015-10-08 21:41:19] EDIT ArbreNoel/views/default/infosJardin.html: -4
[2015-10-08 21:42:08] EDIT ArbreNoel/views/default/infosJardin.html: 1
[2015-10-08 21:43:14] EDIT ArbreNoel/views/default/infosJardin.html: 2
[2015-10-08 21:43:37] EDIT ArbreNoel/views/default/infosJardin.html: 0
[2015-10-08 21:44:42] EDIT ArbreNoel/views/default/infosJardin.html: 2
[2015-10-08 21:44:45] EDIT ArbreNoel/views/default/infosJardin.html: 0
[2015-10-08 21:45:00] EDIT ArbreNoel/views/default/infosJardin.html: 0
[2015-10-08 21:49:41] EDIT ArbreNoel/views/default/infosJardin.html: -1
[2015-10-08 21:50:08] EDIT ArbreNoel/views/default/infosJardin.html: 0
[2015-10-08 21:50:18] EDIT ArbreNoel/views/default/infosJardin.html: 0
[2015-10-08 21:52:24] EDIT ArbreNoel/views/default/infosJardin.html: 0
[2015-10-08 21:52:34] EDIT ArbreNoel/views/default/infosJardin.html: -1
[2015-10-08 21:53:17] EDIT ArbreNoel/views/default/infosJardin.html: -3
[2015-10-08 21:53:59] EDIT ArbreNoel/views/default/infosJardin.html: 0
[2015-10-08 21:54:02] EDIT ArbreNoel/views/default/infosJardin.html: 0
[2015-10-08 21:55:02] EDIT ArbreNoel/views/default/infosJardin.html: 2
[2015-10-08 21:55:06] EDIT ArbreNoel/views/default/infosJardin.html: 0
[2015-10-08 21:55:26] EDIT ArbreNoel/views/default/infosJardin.html: 0
[2015-10-08 21:58:06] EDIT ArbreNoel/views/default/infosJardin.html: 3
[2015-10-08 21:58:56] EDIT ArbreNoel/views/default/infosJardin.html: 0
[2015-10-08 22:01:46] EDIT ArbreNoel/controllers/default.py: 0
[2015-10-08 22:02:08] EDIT ArbreNoel/views/default/listeRDV.html: 0
[2015-10-08 22:03:28] EDIT ArbreNoel/views/default/listeRDV.html: 0
[2015-10-08 22:03:35] EDIT ArbreNoel/views/default/listeRDV.html: 0
[2015-10-08 22:13:11] EDIT ArbreNoel/models/db_rdv_nature.py: 2
[2015-10-08 22:13:57] EDIT ArbreNoel/models/db_rdv_nature.py: 1
[2015-10-08 22:15:41] EDIT ArbreNoel/controllers/default.py: 0
[2015-10-09 09:12:03] EDIT ArbreNoel/controllers/default.py: 0
[2015-10-09 09:12:25] EDIT ArbreNoel/views/default/listeRDV.html: 0
[2015-10-09 09:14:39] EDIT ArbreNoel/views/web2py_ajax.html: 0
[2015-10-09 09:17:17] EDIT ArbreNoel/views/default/listeRDV.html: 0
[2015-10-09 09:17:40] EDIT ArbreNoel/views/default/listeRDV.html: 0
[2015-10-09 09:18:03] EDIT ArbreNoel/views/default/listeRDV.html: 0
[2015-10-09 09:18:14] EDIT ArbreNoel/views/default/listeRDV.html: 0
[2015-10-09 09:18:27] EDIT ArbreNoel/views/default/listeRDV.html: 0
[2015-10-09 09:49:03] EDIT rendezVous/views/default/infosJardin.html: 0
[2015-10-09 10:18:22] EDIT rendezVous/views/default/infosJardin.html: -3
[2015-10-09 10:43:21] EDIT rendezVous/controllers/default.py: 0
[2015-10-09 10:58:34] EDIT rendezVous/controllers/default.py: -3
[2015-10-09 10:58:53] EDIT rendezVous/models/menu.py: -1
[2015-10-09 10:59:05] DELETE rendezVous/views/default/listeRDV.html: -7
[2015-10-09 11:18:39] EDIT rendezVous/controllers/manager.py: -2
[2015-10-09 11:19:33] EDIT rendezVous/controllers/default.py: -2
[2015-10-09 11:20:37] EDIT rendezVous/controllers/default.py: 6
